# JRE version: OpenJDK Runtime Environment (8.0_112-b06) (build 1.8.0_112-release-b06)
# Java VM: OpenJDK 64-Bit Server VM (25.112-b06 mixed mode windows-amd64 compressed oops)
Heap:
 PSYoungGen      total 445952K, used 269044K [0x00000000e0000000, 0x0000000100000000, 0x0000000100000000)
  eden space 380928K, 56% used [0x00000000e0000000,0x00000000ed3cbdc0,0x00000000f7400000)
  from space 65024K, 81% used [0x00000000fbe80000,0x00000000ff20fe20,0x00000000ffe00000)
  to   space 71680K, 0% used [0x00000000f7400000,0x00000000f7400000,0x00000000fba00000)
 ParOldGen       total 173056K, used 63367K [0x00000000a0000000, 0x00000000aa900000, 0x00000000e0000000)
  object space 173056K, 36% used [0x00000000a0000000,0x00000000a3de1f08,0x00000000aa900000)
 Metaspace       used 88770K, capacity 95196K, committed 97920K, reserved 1134592K
  class space    used 11121K, capacity 11966K, committed 12672K, reserved 1048576K
GC Heap History (10 events):
Event: 12892.281 GC heap before
{Heap before GC invocations=68 (full 7):
 PSYoungGen      total 393216K, used 373927K [0x00000000e0000000, 0x00000000fd100000, 0x0000000100000000)
  eden space 340992K, 100% used [0x00000000e0000000,0x00000000f4d00000,0x00000000f4d00000)
  from space 52224K, 63% used [0x00000000f9e00000,0x00000000fbe29f10,0x00000000fd100000)
  to   space 67584K, 0% used [0x00000000f4d00000,0x00000000f4d00000,0x00000000f8f00000)
 ParOldGen       total 166400K, used 82158K [0x00000000a0000000, 0x00000000aa280000, 0x00000000e0000000)
  object space 166400K, 49% used [0x00000000a0000000,0x00000000a503b930,0x00000000aa280000)
 Metaspace       used 88650K, capacity 95104K, committed 97664K, reserved 1134592K
  class space    used 11118K, capacity 11976K, committed 12672K, reserved 1048576K
Event: 12892.369 GC heap after
Heap after GC invocations=68 (full 7):
 PSYoungGen      total 408576K, used 42614K [0x00000000e0000000, 0x0000000100000000, 0x0000000100000000)
  eden space 340992K, 0% used [0x00000000e0000000,0x00000000e0000000,0x00000000f4d00000)
  from space 67584K, 63% used [0x00000000f4d00000,0x00000000f769db20,0x00000000f8f00000)
  to   space 69632K, 0% used [0x00000000fbc00000,0x00000000fbc00000,0x0000000100000000)
 ParOldGen       total 166400K, used 103094K [0x00000000a0000000, 0x00000000aa280000, 0x00000000e0000000)
  object space 166400K, 61% used [0x00000000a0000000,0x00000000a64adb88,0x00000000aa280000)
 Metaspace       used 88650K, capacity 95104K, committed 97664K, reserved 1134592K
  class space    used 11118K, capacity 11976K, committed 12672K, reserved 1048576K
}
Event: 12895.737 GC heap before
{Heap before GC invocations=69 (full 7):
 PSYoungGen      total 408576K, used 383606K [0x00000000e0000000, 0x0000000100000000, 0x0000000100000000)
  eden space 340992K, 100% used [0x00000000e0000000,0x00000000f4d00000,0x00000000f4d00000)
  from space 67584K, 63% used [0x00000000f4d00000,0x00000000f769db20,0x00000000f8f00000)
  to   space 69632K, 0% used [0x00000000fbc00000,0x00000000fbc00000,0x0000000100000000)
 ParOldGen       total 166400K, used 103094K [0x00000000a0000000, 0x00000000aa280000, 0x00000000e0000000)
  object space 166400K, 61% used [0x00000000a0000000,0x00000000a64adb88,0x00000000aa280000)
 Metaspace       used 88654K, capacity 95104K, committed 97664K, reserved 1134592K
  class space    used 11118K, capacity 11976K, committed 12672K, reserved 1048576K
Event: 12895.818 GC heap after
Heap after GC invocations=69 (full 7):
 PSYoungGen      total 452608K, used 22033K [0x00000000e0000000, 0x00000000ffc00000, 0x0000000100000000)
  eden space 387072K, 0% used [0x00000000e0000000,0x00000000e0000000,0x00000000f7a00000)
  from space 65536K, 33% used [0x00000000fbc00000,0x00000000fd184578,0x00000000ffc00000)
  to   space 66560K, 0% used [0x00000000f7a00000,0x00000000f7a00000,0x00000000fbb00000)
 ParOldGen       total 166400K, used 119076K [0x00000000a0000000, 0x00000000aa280000, 0x00000000e0000000)
  object space 166400K, 71% used [0x00000000a0000000,0x00000000a74490f0,0x00000000aa280000)
 Metaspace       used 88654K, capacity 95104K, committed 97664K, reserved 1134592K
  class space    used 11118K, capacity 11976K, committed 12672K, reserved 1048576K
}
Event: 13123.165 GC heap before
{Heap before GC invocations=70 (full 7):
 PSYoungGen      total 452608K, used 409105K [0x00000000e0000000, 0x00000000ffc00000, 0x0000000100000000)
  eden space 387072K, 100% used [0x00000000e0000000,0x00000000f7a00000,0x00000000f7a00000)
  from space 65536K, 33% used [0x00000000fbc00000,0x00000000fd184578,0x00000000ffc00000)
  to   space 66560K, 0% used [0x00000000f7a00000,0x00000000f7a00000,0x00000000fbb00000)
 ParOldGen       total 166400K, used 119076K [0x00000000a0000000, 0x00000000aa280000, 0x00000000e0000000)
  object space 166400K, 71% used [0x00000000a0000000,0x00000000a74490f0,0x00000000aa280000)
 Metaspace       used 88845K, capacity 95444K, committed 97664K, reserved 1134592K
  class space    used 11142K, capacity 12014K, committed 12672K, reserved 1048576K
Event: 13123.342 GC heap after
Heap after GC invocations=70 (full 7):
 PSYoungGen      total 453632K, used 10282K [0x00000000e0000000, 0x00000000ffe00000, 0x0000000100000000)
  eden space 387072K, 0% used [0x00000000e0000000,0x00000000e0000000,0x00000000f7a00000)
  from space 66560K, 15% used [0x00000000f7a00000,0x00000000f840abb8,0x00000000fbb00000)
  to   space 65024K, 0% used [0x00000000fbe80000,0x00000000fbe80000,0x00000000ffe00000)
 ParOldGen       total 166400K, used 140658K [0x00000000a0000000, 0x00000000aa280000, 0x00000000e0000000)
  object space 166400K, 84% used [0x00000000a0000000,0x00000000a895c948,0x00000000aa280000)
 Metaspace       used 88845K, capacity 95444K, committed 97664K, reserved 1134592K
  class space    used 11142K, capacity 12014K, committed 12672K, reserved 1048576K
}
Event: 13123.342 GC heap before
{Heap before GC invocations=71 (full 8):
 PSYoungGen      total 453632K, used 10282K [0x00000000e0000000, 0x00000000ffe00000, 0x0000000100000000)
  eden space 387072K, 0% used [0x00000000e0000000,0x00000000e0000000,0x00000000f7a00000)
  from space 66560K, 15% used [0x00000000f7a00000,0x00000000f840abb8,0x00000000fbb00000)
  to   space 65024K, 0% used [0x00000000fbe80000,0x00000000fbe80000,0x00000000ffe00000)
 ParOldGen       total 166400K, used 140658K [0x00000000a0000000, 0x00000000aa280000, 0x00000000e0000000)
  object space 166400K, 84% used [0x00000000a0000000,0x00000000a895c948,0x00000000aa280000)
 Metaspace       used 88845K, capacity 95444K, committed 97664K, reserved 1134592K
  class space    used 11142K, capacity 12014K, committed 12672K, reserved 1048576K
Event: 13123.836 GC heap after
Heap after GC invocations=71 (full 8):
 PSYoungGen      total 453632K, used 0K [0x00000000e0000000, 0x00000000ffe00000, 0x0000000100000000)
  eden space 387072K, 0% used [0x00000000e0000000,0x00000000e0000000,0x00000000f7a00000)
  from space 66560K, 0% used [0x00000000f7a00000,0x00000000f7a00000,0x00000000fbb00000)
  to   space 65024K, 0% used [0x00000000fbe80000,0x00000000fbe80000,0x00000000ffe00000)
 ParOldGen       total 173056K, used 63359K [0x00000000a0000000, 0x00000000aa900000, 0x00000000e0000000)
  object space 173056K, 36% used [0x00000000a0000000,0x00000000a3ddff08,0x00000000aa900000)
 Metaspace       used 88667K, capacity 94994K, committed 97664K, reserved 1134592K
  class space    used 11102K, capacity 11939K, committed 12672K, reserved 1048576K
}
Event: 13128.570 GC heap before
{Heap before GC invocations=72 (full 8):
 PSYoungGen      total 453632K, used 387072K [0x00000000e0000000, 0x00000000ffe00000, 0x0000000100000000)
  eden space 387072K, 100% used [0x00000000e0000000,0x00000000f7a00000,0x00000000f7a00000)
  from space 66560K, 0% used [0x00000000f7a00000,0x00000000f7a00000,0x00000000fbb00000)
  to   space 65024K, 0% used [0x00000000fbe80000,0x00000000fbe80000,0x00000000ffe00000)
 ParOldGen       total 173056K, used 63359K [0x00000000a0000000, 0x00000000aa900000, 0x00000000e0000000)
  object space 173056K, 36% used [0x00000000a0000000,0x00000000a3ddff08,0x00000000aa900000)
 Metaspace       used 88675K, capacity 95000K, committed 97664K, reserved 1134592K
  class space    used 11103K, capacity 11940K, committed 12672K, reserved 1048576K
Event: 13128.629 GC heap after
Heap after GC invocations=72 (full 8):
 PSYoungGen      total 445952K, used 52799K [0x00000000e0000000, 0x0000000100000000, 0x0000000100000000)
  eden space 380928K, 0% used [0x00000000e0000000,0x00000000e0000000,0x00000000f7400000)
  from space 65024K, 81% used [0x00000000fbe80000,0x00000000ff20fe20,0x00000000ffe00000)
  to   space 71680K, 0% used [0x00000000f7400000,0x00000000f7400000,0x00000000fba00000)
 ParOldGen       total 173056K, used 63367K [0x00000000a0000000, 0x00000000aa900000, 0x00000000e0000000)
  object space 173056K, 36% used [0x00000000a0000000,0x00000000a3de1f08,0x00000000aa900000)
 Metaspace       used 88675K, capacity 95000K, committed 97664K, reserved 1134592K
  class space    used 11103K, capacity 11940K, committed 12672K, reserved 1048576K
}

